2023-06-14 14:53:28 +0000  Initial pipeline context: <IDEDistributionProcessingPipelineContext: 0x16820ace0; archive(resolved)="<IDEArchive: 0x60000d5dd740>", distributionTask(resolved)="2", distributionDestination(resolved)="1", distributionMethod(resolved)="<IDEDistributionMethodDevelopmentSigned: 0x60004b392070>", team(resolved)="<IDEProvisioningDisambiguatableBasicTeam: 0x6000028c6240; teamID='2C8DUS7BNG', teamName='Edutainment Ventures LLC', teamType='(null)', username='(null)', isFreeProvisioningTeam='0'>">
	Chain (14, self inclusive):
	<IDEDistributionProcessingPipelineContext: 0x16820ace0; archive = "<IDEArchive: 0x60000d5dd740>", distributionMethod="<IDEDistributionMethodDevelopmentSigned: 0x60004b392070>", team="<IDEProvisioningDisambiguatableBasicTeam: 0x6000028c6240; teamID='2C8DUS7BNG', teamName='Edutainment Ventures LLC', teamType='(null)', username='(null)', isFreeProvisioningTeam='0'>">
	<IDEDistributionProcessingPipelineContext: 0x2bbfe9560; archive = "<IDEArchive: 0x60000d5dd740>", distributionMethod="<IDEDistributionMethodDevelopmentSigned: 0x60004b392070>", team="<IDEProvisioningDisambiguatableBasicTeam: 0x6000028c6240; teamID='2C8DUS7BNG', teamName='Edutainment Ventures LLC', teamType='(null)', username='(null)', isFreeProvisioningTeam='0'>">
	<IDEDistributionContext: 0x158eed5c0; archive = "<IDEArchive: 0x60000d5dd740>", distributionMethod="<IDEDistributionMethodDevelopmentSigned: 0x60004b392070>", team="<IDEProvisioningDisambiguatableBasicTeam: 0x6000028c6240; teamID='2C8DUS7BNG', teamName='Edutainment Ventures LLC', teamType='(null)', username='(null)', isFreeProvisioningTeam='0'>">
	<IDEDistributionContext: 0x1684292a0; archive = "<IDEArchive: 0x60000d5dd740>", distributionMethod="<IDEDistributionMethodDevelopmentSigned: 0x60004b392070>", team="<IDEProvisioningDisambiguatableBasicTeam: 0x6000028c6240; teamID='2C8DUS7BNG', teamName='Edutainment Ventures LLC', teamType='(null)', username='(null)', isFreeProvisioningTeam='0'>">
	<IDEDistributionContext: 0x1684290a0; archive = "<IDEArchive: 0x60000d5dd740>", distributionMethod="<IDEDistributionMethodDevelopmentSigned: 0x60004b392070>", team="<IDEProvisioningDisambiguatableBasicTeam: 0x6000028c6240; teamID='2C8DUS7BNG', teamName='Edutainment Ventures LLC', teamType='(null)', username='(null)', isFreeProvisioningTeam='0'>">
	<IDEDistributionContext: 0x168428ea0; archive = "<IDEArchive: 0x60000d5dd740>", distributionMethod="<IDEDistributionMethodDevelopmentSigned: 0x60004b392070>", team="<IDEProvisioningDisambiguatableBasicTeam: 0x6000028c6240; teamID='2C8DUS7BNG', teamName='Edutainment Ventures LLC', teamType='(null)', username='(null)', isFreeProvisioningTeam='0'>">
	<IDEDistributionContext: 0x158eda8d0; archive = "<IDEArchive: 0x60000d5dd740>", distributionMethod="<IDEDistributionMethodDevelopmentSigned: 0x60004b392070>", team="<IDEProvisioningDisambiguatableBasicTeam: 0x6000028c6240; teamID='2C8DUS7BNG', teamName='Edutainment Ventures LLC', teamType='(null)', username='(null)', isFreeProvisioningTeam='0'>">
	<IDEDistributionContext: 0x158ea1a50; archive = "<IDEArchive: 0x60000d5dd740>", distributionMethod="<IDEDistributionMethodDevelopmentSigned: 0x60004b392070>", team="<IDEProvisioningDisambiguatableBasicTeam: 0x6000028c6240; teamID='2C8DUS7BNG', teamName='Edutainment Ventures LLC', teamType='(null)', username='(null)', isFreeProvisioningTeam='0'>">
	<IDEDistributionContext: 0x2bbfeec40; archive = "<IDEArchive: 0x60000d5dd740>", distributionMethod="<IDEDistributionMethodDevelopmentSigned: 0x60004b392070>", team="<IDEProvisioningDisambiguatableBasicTeam: 0x6000028c6240; teamID='2C8DUS7BNG', teamName='Edutainment Ventures LLC', teamType='(null)', username='(null)', isFreeProvisioningTeam='0'>">
	<IDEDistributionContext: 0x126be3130; archive = "<IDEArchive: 0x60000d5dd740>", distributionMethod="<IDEDistributionMethodDevelopmentSigned: 0x60004b392070>", team="(null)">
	<IDEDistributionContext: 0x168428630; archive = "<IDEArchive: 0x60000d5dd740>", distributionMethod="<IDEDistributionMethodDevelopmentSigned: 0x60004b392070>", team="(null)">
	<IDEDistributionContext: 0x168404080; archive = "<IDEArchive: 0x60000d5dd740>", distributionMethod="<IDEDistributionMethodDevelopmentSigned: 0x60004b392070>", team="(null)">
	<IDEDistributionContext: 0x2bbf96700; archive = "<IDEArchive: 0x60000d5dd740>", distributionMethod="<IDEDistributionMethodDevelopmentSigned: 0x60004b392070>", team="(null)">
	<IDEDistributionContext: 0x14fef1390; archive = "<IDEArchive: 0x60000d5dd740>", distributionMethod="(null)", team="(null)">
</IDEDistributionProcessingPipelineContext: 0x16820ace0>
2023-06-14 14:53:28 +0000  Processing step: IDEDistributionCreateDestRootStep
2023-06-14 14:53:28 +0000  Processing step: IDEDistributionCopyItemStep
2023-06-14 14:53:28 +0000  Running /usr/bin/ditto '-V' '/Users/rlogixxtraining/Library/Developer/Xcode/Archives/2023-06-14/MindWellness 14-06-23, 8.22 PM.xcarchive/Products/Applications/MindWellness.app' '/var/folders/5l/j6c9scwd0kzcxb0p_6phdy1h0000gp/T/XcodeDistPipeline.~~~9Ps4oh/Root/Payload/MindWellness.app'
2023-06-14 14:53:28 +0000  >>> Copying /Users/rlogixxtraining/Library/Developer/Xcode/Archives/2023-06-14/MindWellness 14-06-23, 8.22 PM.xcarchive/Products/Applications/MindWellness.app 
2023-06-14 14:53:28 +0000  copying file ./_CodeSignature/CodeResources ... 
2023-06-14 14:53:28 +0000  28423 bytes for ./_CodeSignature/CodeResources
2023-06-14 14:53:28 +0000  copying file ./bg3.jpeg ... 
2023-06-14 14:53:28 +0000  11172 bytes for ./bg3.jpeg
2023-06-14 14:53:28 +0000  copying file ./Depression.plist ... 
2023-06-14 14:53:28 +0000  15885 bytes for ./Depression.plist
2023-06-14 14:53:28 +0000  copying file ./MentalHealthTableViewCell.nib ... 
2023-06-14 14:53:28 +0000  7006 bytes for ./MentalHealthTableViewCell.nib
2023-06-14 14:53:28 +0000  copying file ./meditation.jpeg ... 
2023-06-14 14:53:28 +0000  5076 bytes for ./meditation.jpeg
2023-06-14 14:53:28 +0000  copying file ./ten.png ... 
2023-06-14 14:53:28 +0000  68523 bytes for ./ten.png
2023-06-14 14:53:28 +0000  copying file ./helpapp.jpeg ... 
2023-06-14 14:53:28 +0000  496326 bytes for ./helpapp.jpeg
copying file ./bipolardisorder.jpg ... 
2023-06-14 14:53:28 +0000  40083 bytes for ./bipolardisorder.jpg
2023-06-14 14:53:28 +0000  copying file ./YogaTextTableViewCell.nib ... 
2023-06-14 14:53:28 +0000  4439 bytes for ./YogaTextTableViewCell.nib
2023-06-14 14:53:28 +0000  copying file ./yog.png ... 
2023-06-14 14:53:28 +0000  11528 bytes for ./yog.png
2023-06-14 14:53:28 +0000  copying file ./videoImage.png ... 
2023-06-14 14:53:28 +0000  3536 bytes for ./videoImage.png
2023-06-14 14:53:28 +0000  copying file ./MentalHealthProbTableViewCell.nib ... 
2023-06-14 14:53:28 +0000  5103 bytes for ./MentalHealthProbTableViewCell.nib
2023-06-14 14:53:28 +0000  copying file ./Mental.jpeg ... 
2023-06-14 14:53:28 +0000  9742 bytes for ./Mental.jpeg
2023-06-14 14:53:28 +0000  copying file ./launchscreen.png ... 
2023-06-14 14:53:28 +0000  5580 bytes for ./launchscreen.png
2023-06-14 14:53:28 +0000  copying file ./bg2.jpeg ... 
2023-06-14 14:53:28 +0000  11355 bytes for ./bg2.jpeg
2023-06-14 14:53:28 +0000  copying file ./card1.jpeg ... 
2023-06-14 14:53:28 +0000  1423 bytes for ./card1.jpeg
2023-06-14 14:53:28 +0000  copying file ./Psychosis.plist ... 
2023-06-14 14:53:28 +0000  8348 bytes for ./Psychosis.plist
2023-06-14 14:53:28 +0000  copying file ./male.png ... 
2023-06-14 14:53:28 +0000  9860 bytes for ./male.png
2023-06-14 14:53:28 +0000  copying file ./images3.jpeg ... 
2023-06-14 14:53:28 +0000  1441 bytes for ./images3.jpeg
2023-06-14 14:53:28 +0000  copying file ./images5.png ... 
2023-06-14 14:53:28 +0000  217 bytes for ./images5.png
2023-06-14 14:53:28 +0000  copying file ./bg5.jpeg ... 
2023-06-14 14:53:28 +0000  11315 bytes for ./bg5.jpeg
2023-06-14 14:53:28 +0000  copying file ./anxiety.jpg ... 
2023-06-14 14:53:28 +0000  32479 bytes for ./anxiety.jpg
2023-06-14 14:53:28 +0000  copying file ./stopsound.png ... 
2023-06-14 14:53:28 +0000  2825 bytes for ./stopsound.png
2023-06-14 14:53:28 +0000  copying file ./LabelTableViewCell.nib ... 
2023-06-14 14:53:28 +0000  4818 bytes for ./LabelTableViewCell.nib
2023-06-14 14:53:28 +0000  copying file ./ThumbnailImageMHPVC.plist ... 
2023-06-14 14:53:28 +0000  72 bytes for ./ThumbnailImageMHPVC.plist
2023-06-14 14:53:28 +0000  copying file ./doctor.jpg ... 
2023-06-14 14:53:28 +0000  37245 bytes for ./doctor.jpg
2023-06-14 14:53:28 +0000  copying file ./two.jpg ... 
2023-06-14 14:53:28 +0000  196560 bytes for ./two.jpg
2023-06-14 14:53:28 +0000  copying file ./phycosis.jpg ... 
2023-06-14 14:53:28 +0000  38146 bytes for ./phycosis.jpg
2023-06-14 14:53:28 +0000  copying file ./psychtristnearme.jpeg ... 
2023-06-14 14:53:28 +0000  10081 bytes for ./psychtristnearme.jpeg
2023-06-14 14:53:28 +0000  copying file ./counselling.png ... 
2023-06-14 14:53:28 +0000  5223 bytes for ./counselling.png
2023-06-14 14:53:28 +0000  copying file ./bg4.jpeg ... 
2023-06-14 14:53:28 +0000  11484 bytes for ./bg4.jpeg
2023-06-14 14:53:28 +0000  copying file ./Addiction.plist ... 
2023-06-14 14:53:28 +0000  3372 bytes for ./Addiction.plist
2023-06-14 14:53:28 +0000  copying file ./DoctorListTableViewCell.nib ... 
2023-06-14 14:53:28 +0000  4826 bytes for ./DoctorListTableViewCell.nib
2023-06-14 14:53:28 +0000  copying file ./YogaTableViewCell.nib ... 
2023-06-14 14:53:28 +0000  4828 bytes for ./YogaTableViewCell.nib
2023-06-14 14:53:28 +0000  copying file ./Base.lproj/Main.storyboardc/09j-7R-08u-view-lpn-zE-hlL.nib ... 
2023-06-14 14:53:28 +0000  6358 bytes for ./Base.lproj/Main.storyboardc/09j-7R-08u-view-lpn-zE-hlL.nib
2023-06-14 14:53:28 +0000  copying file ./Base.lproj/Main.storyboardc/common1.nib ... 
2023-06-14 14:53:28 +0000  1029 bytes for ./Base.lproj/Main.storyboardc/common1.nib
2023-06-14 14:53:28 +0000  copying file ./Base.lproj/Main.storyboardc/bmg-bS-fKh-view-5pg-tO-u5E.nib ... 
2023-06-14 14:53:28 +0000  5877 bytes for ./Base.lproj/Main.storyboardc/bmg-bS-fKh-view-5pg-tO-u5E.nib
2023-06-14 14:53:28 +0000  copying file ./Base.lproj/Main.storyboardc/MentalHealthProblemViewController.nib ... 
2023-06-14 14:53:28 +0000  1062 bytes for ./Base.lproj/Main.storyboardc/MentalHealthProblemViewController.nib
2023-06-14 14:53:28 +0000  copying file ./Base.lproj/Main.storyboardc/eXG-Tx-7Mj-view-b68-R5-Dzj.nib ... 
2023-06-14 14:53:28 +0000  7837 bytes for ./Base.lproj/Main.storyboardc/eXG-Tx-7Mj-view-b68-R5-Dzj.nib
2023-06-14 14:53:28 +0000  copying file ./Base.lproj/Main.storyboardc/AfterResultQuestionViewController.nib ... 
2023-06-14 14:53:28 +0000  1062 bytes for ./Base.lproj/Main.storyboardc/AfterResultQuestionViewController.nib
2023-06-14 14:53:28 +0000  copying file ./Base.lproj/Main.storyboardc/BMIViewController.nib ... 
2023-06-14 14:53:28 +0000  1030 bytes for ./Base.lproj/Main.storyboardc/BMIViewController.nib
2023-06-14 14:53:28 +0000  copying file ./Base.lproj/Main.storyboardc/LMY-Te-GdV-view-H1B-ZX-i9u.nib ... 
2023-06-14 14:53:28 +0000  19114 bytes for ./Base.lproj/Main.storyboardc/LMY-Te-GdV-view-H1B-ZX-i9u.nib
2023-06-14 14:53:28 +0000  copying file ./Base.lproj/Main.storyboardc/PaidViewController.nib ... 
2023-06-14 14:53:28 +0000  1135 bytes for ./Base.lproj/Main.storyboardc/PaidViewController.nib
2023-06-14 14:53:28 +0000  copying file ./Base.lproj/Main.storyboardc/NNS-c1-1cn-view-fCD-bX-KuR.nib ... 
2023-06-14 14:53:28 +0000  7277 bytes for ./Base.lproj/Main.storyboardc/NNS-c1-1cn-view-fCD-bX-KuR.nib
2023-06-14 14:53:28 +0000  copying file ./Base.lproj/Main.storyboardc/7bV-UC-wwj-view-BYu-Rd-0zu.nib ... 
2023-06-14 14:53:28 +0000  10861 bytes for ./Base.lproj/Main.storyboardc/7bV-UC-wwj-view-BYu-Rd-0zu.nib
2023-06-14 14:53:28 +0000  copying file ./Base.lproj/Main.storyboardc/b4X-nw-lx6-view-Eog-gH-sce.nib ... 
2023-06-14 14:53:28 +0000  2690 bytes for ./Base.lproj/Main.storyboardc/b4X-nw-lx6-view-Eog-gH-sce.nib
2023-06-14 14:53:28 +0000  copying file ./Base.lproj/Main.storyboardc/gSV-bW-heH-view-AIr-fw-Mpw.nib ... 
2023-06-14 14:53:28 +0000  6712 bytes for ./Base.lproj/Main.storyboardc/gSV-bW-heH-view-AIr-fw-Mpw.nib
2023-06-14 14:53:28 +0000  copying file ./Base.lproj/Main.storyboardc/FOu-2y-HAS-view-1ga-is-3ll.nib ... 
2023-06-14 14:53:28 +0000  12206 bytes for ./Base.lproj/Main.storyboardc/FOu-2y-HAS-view-1ga-is-3ll.nib
2023-06-14 14:53:28 +0000  copying file ./Base.lproj/Main.storyboardc/RHi-DU-Dux-view-K7a-lA-BQ7.nib ... 
2023-06-14 14:53:28 +0000  9163 bytes for ./Base.lproj/Main.storyboardc/RHi-DU-Dux-view-K7a-lA-BQ7.nib
2023-06-14 14:53:28 +0000  copying file ./Base.lproj/Main.storyboardc/j65-XK-2g6-view-HGG-xU-wfn.nib ... 
2023-06-14 14:53:28 +0000  9131 bytes for ./Base.lproj/Main.storyboardc/j65-XK-2g6-view-HGG-xU-wfn.nib
2023-06-14 14:53:28 +0000  copying file ./Base.lproj/Main.storyboardc/8Ue-9m-wWJ-view-Erk-XT-yrN.nib ... 
2023-06-14 14:53:28 +0000  10553 bytes for ./Base.lproj/Main.storyboardc/8Ue-9m-wWJ-view-Erk-XT-yrN.nib
2023-06-14 14:53:28 +0000  copying file ./Base.lproj/Main.storyboardc/question.nib ... 
2023-06-14 14:53:28 +0000  1135 bytes for ./Base.lproj/Main.storyboardc/question.nib
2023-06-14 14:53:28 +0000  copying file ./Base.lproj/Main.storyboardc/MentalHealthViewController.nib ... 
2023-06-14 14:53:28 +0000  1048 bytes for ./Base.lproj/Main.storyboardc/MentalHealthViewController.nib
2023-06-14 14:53:28 +0000  copying file ./Base.lproj/Main.storyboardc/gauge.nib ... 
2023-06-14 14:53:28 +0000  1025 bytes for ./Base.lproj/Main.storyboardc/gauge.nib
2023-06-14 14:53:28 +0000  copying file ./Base.lproj/Main.storyboardc/fHX-dQ-DxH-view-WhU-PH-eIH.nib ... 
2023-06-14 14:53:28 +0000  11614 bytes for ./Base.lproj/Main.storyboardc/fHX-dQ-DxH-view-WhU-PH-eIH.nib
2023-06-14 14:53:28 +0000  copying file ./Base.lproj/Main.storyboardc/possible.nib ... 
2023-06-14 14:53:28 +0000  1035 bytes for ./Base.lproj/Main.storyboardc/possible.nib
2023-06-14 14:53:28 +0000  copying file ./Base.lproj/Main.storyboardc/Jgy-0x-6Qm-view-SKC-I9-En1.nib ... 
2023-06-14 14:53:28 +0000  9823 bytes for ./Base.lproj/Main.storyboardc/Jgy-0x-6Qm-view-SKC-I9-En1.nib
2023-06-14 14:53:28 +0000  copying file ./Base.lproj/Main.storyboardc/AasanTextViewController.nib ... 
2023-06-14 14:53:28 +0000  1042 bytes for ./Base.lproj/Main.storyboardc/AasanTextViewController.nib
2023-06-14 14:53:28 +0000  copying file ./Base.lproj/Main.storyboardc/MeditationViewController.nib ... 
2023-06-14 14:53:28 +0000  1044 bytes for ./Base.lproj/Main.storyboardc/MeditationViewController.nib
2023-06-14 14:53:28 +0000  copying file ./Base.lproj/Main.storyboardc/morequiz.nib ... 
2023-06-14 14:53:28 +0000  1026 bytes for ./Base.lproj/Main.storyboardc/morequiz.nib
2023-06-14 14:53:28 +0000  copying file ./Base.lproj/Main.storyboardc/MHPDetailsViewController.nib ... 
2023-06-14 14:53:28 +0000  1044 bytes for ./Base.lproj/Main.storyboardc/MHPDetailsViewController.nib
2023-06-14 14:53:28 +0000  copying file ./Base.lproj/Main.storyboardc/CarouselViewController.nib ... 
2023-06-14 14:53:28 +0000  1143 bytes for ./Base.lproj/Main.storyboardc/CarouselViewController.nib
2023-06-14 14:53:28 +0000  copying file ./Base.lproj/Main.storyboardc/wwj-cq-7gA-view-wJo-6z-k3D.nib ... 
2023-06-14 14:53:28 +0000  19280 bytes for ./Base.lproj/Main.storyboardc/wwj-cq-7gA-view-wJo-6z-k3D.nib
2023-06-14 14:53:28 +0000  copying file ./Base.lproj/Main.storyboardc/smz-bq-nWu-view-fFb-LU-DpW.nib ... 
2023-06-14 14:53:28 +0000  2956 bytes for ./Base.lproj/Main.storyboardc/smz-bq-nWu-view-fFb-LU-DpW.nib
2023-06-14 14:53:28 +0000  copying file ./Base.lproj/Main.storyboardc/assessment.nib ... 
2023-06-14 14:53:28 +0000  991 bytes for ./Base.lproj/Main.storyboardc/assessment.nib
2023-06-14 14:53:28 +0000  copying file ./Base.lproj/Main.storyboardc/investigation.nib ... 
2023-06-14 14:53:28 +0000  1044 bytes for ./Base.lproj/Main.storyboardc/investigation.nib
2023-06-14 14:53:28 +0000  copying file ./Base.lproj/Main.storyboardc/IsH-p4-5Jm-view-r4b-Ml-Qx9.nib ... 
2023-06-14 14:53:28 +0000  8549 bytes for ./Base.lproj/Main.storyboardc/IsH-p4-5Jm-view-r4b-Ml-Qx9.nib
2023-06-14 14:53:28 +0000  copying file ./Base.lproj/Main.storyboardc/SoundViewController.nib ... 
2023-06-14 14:53:28 +0000  1034 bytes for ./Base.lproj/Main.storyboardc/SoundViewController.nib
2023-06-14 14:53:28 +0000  copying file ./Base.lproj/Main.storyboardc/UINavigationController-xyL-SB-d7g.nib ... 
2023-06-14 14:53:28 +0000  1965 bytes for ./Base.lproj/Main.storyboardc/UINavigationController-xyL-SB-d7g.nib
2023-06-14 14:53:28 +0000  copying file ./Base.lproj/Main.storyboardc/Info.plist ... 
2023-06-14 14:53:28 +0000  1059 bytes for ./Base.lproj/Main.storyboardc/Info.plist
2023-06-14 14:53:28 +0000  copying file ./Base.lproj/LaunchScreen.storyboardc/01J-lp-oVM-view-Ze5-6b-2t3.nib ... 
2023-06-14 14:53:28 +0000  2520 bytes for ./Base.lproj/LaunchScreen.storyboardc/01J-lp-oVM-view-Ze5-6b-2t3.nib
2023-06-14 14:53:28 +0000  copying file ./Base.lproj/LaunchScreen.storyboardc/UIViewController-01J-lp-oVM.nib ... 
2023-06-14 14:53:28 +0000  896 bytes for ./Base.lproj/LaunchScreen.storyboardc/UIViewController-01J-lp-oVM.nib
2023-06-14 14:53:28 +0000  copying file ./Base.lproj/LaunchScreen.storyboardc/Info.plist ... 
2023-06-14 14:53:28 +0000  258 bytes for ./Base.lproj/LaunchScreen.storyboardc/Info.plist
2023-06-14 14:53:28 +0000  copying file ./sound.mpeg ... 
2023-06-14 14:53:28 +0000  5924608 bytes for ./sound.mpeg
2023-06-14 14:53:28 +0000  copying file ./Yoga Data.plist ... 
3727 bytes for ./Yoga Data.plist
copying file ./soundplay.tiff ... 
8290 bytes for ./soundplay.tiff
copying file ./female.png ... 
3742 bytes for ./female.png
copying file ./Assets.car ... 
2023-06-14 14:53:28 +0000  145279 bytes for ./Assets.car
2023-06-14 14:53:28 +0000  copying file ./Addiction.png ... 
2023-06-14 14:53:28 +0000  12609 bytes for ./Addiction.png
2023-06-14 14:53:28 +0000  copying file ./Bipolar Disorder.plist ... 
2023-06-14 14:53:28 +0000  11857 bytes for ./Bipolar Disorder.plist
2023-06-14 14:53:28 +0000  copying file ./cross.png ... 
2023-06-14 14:53:28 +0000  1939 bytes for ./cross.png
2023-06-14 14:53:28 +0000  copying file ./bg6.jpeg ... 
2023-06-14 14:53:28 +0000  11048 bytes for ./bg6.jpeg
2023-06-14 14:53:28 +0000  copying file ./Anxiety.plist ... 
2023-06-14 14:53:28 +0000  744 bytes for ./Anxiety.plist
2023-06-14 14:53:28 +0000  copying file ./medi.jpeg ... 
2023-06-14 14:53:28 +0000  6167 bytes for ./medi.jpeg
2023-06-14 14:53:28 +0000  copying file ./MindWellness ... 
2023-06-14 14:53:28 +0000  367344 bytes for ./MindWellness
2023-06-14 14:53:28 +0000  copying file ./LastTableViewCell.nib ... 
2023-06-14 14:53:28 +0000  3301 bytes for ./LastTableViewCell.nib
2023-06-14 14:53:28 +0000  copying file ./LastCollectionViewCell.nib ... 
2023-06-14 14:53:28 +0000  6520 bytes for ./LastCollectionViewCell.nib
2023-06-14 14:53:28 +0000  copying file ./eleven.jpg ... 
2023-06-14 14:53:28 +0000  76709 bytes for ./eleven.jpg
2023-06-14 14:53:28 +0000  copying file ./otherpsychotic.jpeg ... 
2023-06-14 14:53:28 +0000  14299 bytes for ./otherpsychotic.jpeg
2023-06-14 14:53:28 +0000  copying file ./FieldCollectionViewCell.nib ... 
2023-06-14 14:53:28 +0000  6410 bytes for ./FieldCollectionViewCell.nib
2023-06-14 14:53:28 +0000  copying file ./HeaderTableViewCell.nib ... 
2023-06-14 14:53:28 +0000  4291 bytes for ./HeaderTableViewCell.nib
2023-06-14 14:53:28 +0000  copying file ./Frameworks/CircularCarousel.framework/_CodeSignature/CodeResources ... 
2023-06-14 14:53:28 +0000  1798 bytes for ./Frameworks/CircularCarousel.framework/_CodeSignature/CodeResources
2023-06-14 14:53:28 +0000  copying file ./Frameworks/CircularCarousel.framework/CircularCarousel ... 
2023-06-14 14:53:28 +0000  336224 bytes for ./Frameworks/CircularCarousel.framework/CircularCarousel
2023-06-14 14:53:28 +0000  copying file ./Frameworks/CircularCarousel.framework/Info.plist ... 
2023-06-14 14:53:28 +0000  802 bytes for ./Frameworks/CircularCarousel.framework/Info.plist
2023-06-14 14:53:28 +0000  copying file ./Frameworks/ABGaugeViewKit.framework/_CodeSignature/CodeResources ... 
2023-06-14 14:53:28 +0000  1798 bytes for ./Frameworks/ABGaugeViewKit.framework/_CodeSignature/CodeResources
2023-06-14 14:53:28 +0000  copying file ./Frameworks/ABGaugeViewKit.framework/ABGaugeViewKit ... 
2023-06-14 14:53:28 +0000  143600 bytes for ./Frameworks/ABGaugeViewKit.framework/ABGaugeViewKit
2023-06-14 14:53:28 +0000  copying file ./Frameworks/ABGaugeViewKit.framework/Info.plist ... 
2023-06-14 14:53:28 +0000  797 bytes for ./Frameworks/ABGaugeViewKit.framework/Info.plist
2023-06-14 14:53:28 +0000  copying file ./ShowDiseaseTableViewCell.nib ... 
2023-06-14 14:53:28 +0000  3866 bytes for ./ShowDiseaseTableViewCell.nib
2023-06-14 14:53:28 +0000  copying file ./mentalhealth.jpeg ... 
2023-06-14 14:53:28 +0000  4966 bytes for ./mentalhealth.jpeg
2023-06-14 14:53:28 +0000  copying file ./embedded.mobileprovision ... 
2023-06-14 14:53:28 +0000  12246 bytes for ./embedded.mobileprovision
2023-06-14 14:53:28 +0000  copying file ./depression.jpg ... 
2023-06-14 14:53:28 +0000  18600 bytes for ./depression.jpg
2023-06-14 14:53:28 +0000  copying file ./sidebarImage.png ... 
2023-06-14 14:53:28 +0000  1188 bytes for ./sidebarImage.png
2023-06-14 14:53:28 +0000  copying file ./MentalHealthContentsTableViewCell.nib ... 
2023-06-14 14:53:28 +0000  5704 bytes for ./MentalHealthContentsTableViewCell.nib
2023-06-14 14:53:28 +0000  copying file ./doctor.plist ... 
2023-06-14 14:53:28 +0000  565 bytes for ./doctor.plist
2023-06-14 14:53:28 +0000  copying file ./Info.plist ... 
2023-06-14 14:53:28 +0000  1519 bytes for ./Info.plist
2023-06-14 14:53:28 +0000  copying file ./PkgInfo ... 
2023-06-14 14:53:28 +0000  8 bytes for ./PkgInfo
2023-06-14 14:53:28 +0000  copying file ./CollectionTableViewCell.nib ... 
2023-06-14 14:53:28 +0000  3225 bytes for ./CollectionTableViewCell.nib
2023-06-14 14:53:28 +0000  copying file ./bg.png ... 
2023-06-14 14:53:28 +0000  31158 bytes for ./bg.png
2023-06-14 14:53:28 +0000  copying file ./YogaVideoTableViewCell.nib ... 
2023-06-14 14:53:28 +0000  3581 bytes for ./YogaVideoTableViewCell.nib
2023-06-14 14:53:28 +0000  copying file ./MHPTableViewCell.nib ... 
2023-06-14 14:53:28 +0000  5244 bytes for ./MHPTableViewCell.nib
2023-06-14 14:53:28 +0000  /usr/bin/ditto exited with 0
2023-06-14 14:53:28 +0000  Processing step: IDEDistributionEmbedProfileStep
2023-06-14 14:53:28 +0000  Skipping profile for item: <IDEDistributionItem: 0x60000d53a460; bundleID='org.cocoapods.ABGaugeViewKit', path='<DVTFilePath:0x600009e60600:'/Users/rlogixxtraining/Library/Developer/Xcode/Archives/2023-06-14/MindWellness 14-06-23, 8.22 PM.xcarchive/Products/Applications/MindWellness.app/Frameworks/ABGaugeViewKit.framework'>', codeSigningInfo='<_DVTCodeSigningInformation_Path: 0x6000852a08c0; isSigned='1', isAdHocSigned='0', signingCertificate='<DVTSigningCertificate: 0x600000620210; name='Apple Development: Edward Hoofnagle (NXPZE95XRN)', hash='21F2D31E7F230CFF0AE0D3AA6FA6A676B9CC1F68', serialNumber='566942241ABBD843BF03389D7F3E1A30', certificateKinds='(
    "1.2.840.113635.100.6.1.12",
    "1.2.840.113635.100.6.1.2"
), issueDate='2022-10-15 09:45:05 +0000''>', entitlements='(null)', teamID='2C8DUS7BNG', identifier='org.cocoapods.ABGaugeViewKit', executablePath='<DVTFilePath:0x6000099bc9a0:'/Users/rlogixxtraining/Library/Developer/Xcode/Archives/2023-06-14/MindWellness 14-06-23, 8.22 PM.xcarchive/Products/Applications/MindWellness.app/Frameworks/ABGaugeViewKit.framework/ABGaugeViewKit'>', hardenedRuntime='0'>'>
2023-06-14 14:53:28 +0000  Skipping profile for item: <IDEDistributionItem: 0x60000d5f53e0; bundleID='org.cocoapods.CircularCarousel', path='<DVTFilePath:0x600009e60380:'/Users/rlogixxtraining/Library/Developer/Xcode/Archives/2023-06-14/MindWellness 14-06-23, 8.22 PM.xcarchive/Products/Applications/MindWellness.app/Frameworks/CircularCarousel.framework'>', codeSigningInfo='<_DVTCodeSigningInformation_Path: 0x6000852a07d0; isSigned='1', isAdHocSigned='0', signingCertificate='<DVTSigningCertificate: 0x600000636940; name='Apple Development: Edward Hoofnagle (NXPZE95XRN)', hash='21F2D31E7F230CFF0AE0D3AA6FA6A676B9CC1F68', serialNumber='566942241ABBD843BF03389D7F3E1A30', certificateKinds='(
    "1.2.840.113635.100.6.1.12",
    "1.2.840.113635.100.6.1.2"
), issueDate='2022-10-15 09:45:05 +0000''>', entitlements='(null)', teamID='2C8DUS7BNG', identifier='org.cocoapods.CircularCarousel', executablePath='<DVTFilePath:0x6000099bc5b0:'/Users/rlogixxtraining/Library/Developer/Xcode/Archives/2023-06-14/MindWellness 14-06-23, 8.22 PM.xcarchive/Products/Applications/MindWellness.app/Frameworks/CircularCarousel.framework/CircularCarousel'>', hardenedRuntime='0'>'>
2023-06-14 14:53:28 +0000  Processing step: IDEDistributionInfoPlistStep
2023-06-14 14:53:28 +0000  Skipping step: IDEDistributionInfoPlistStep because it said so
2023-06-14 14:53:28 +0000  Skipping step: IDEDistributionInfoPlistStep because it said so
2023-06-14 14:53:28 +0000  Skipping step: IDEDistributionInfoPlistStep because it said so
2023-06-14 14:53:28 +0000  Processing step: IDEDistributionAppThinningPlistStep
2023-06-14 14:53:28 +0000  Skipping step: IDEDistributionAppThinningPlistStep because it said so
2023-06-14 14:53:28 +0000  Processing step: IDEDistributionCompileBitcodeStep
2023-06-14 14:53:28 +0000  Skipping step: IDEDistributionCompileBitcodeStep because it said so
2023-06-14 14:53:28 +0000  Processing step: IDEDistributionCodeSlimmingStep
2023-06-14 14:53:28 +0000  Processing step: IDEDistributionCopyBCSymbolMapsStep
2023-06-14 14:53:28 +0000  Skipping step: IDEDistributionCopyBCSymbolMapsStep because it said so
2023-06-14 14:53:28 +0000  Skipping step: IDEDistributionCopyBCSymbolMapsStep because it said so
2023-06-14 14:53:28 +0000  Skipping step: IDEDistributionCopyBCSymbolMapsStep because it said so
2023-06-14 14:53:28 +0000  Processing step: IDEDistributionSymbolsStep
2023-06-14 14:53:28 +0000  Skipping step: IDEDistributionSymbolsStep because it said so
2023-06-14 14:53:28 +0000  Skipping step: IDEDistributionSymbolsStep because it said so
2023-06-14 14:53:28 +0000  Skipping step: IDEDistributionSymbolsStep because it said so
2023-06-14 14:53:28 +0000  Processing step: IDEDistributionAppThinningStep
2023-06-14 14:53:28 +0000  Skipping step: IDEDistributionAppThinningStep because it said so
2023-06-14 14:53:28 +0000  Processing step: IDEDistributionArchThinningStep
2023-06-14 14:53:28 +0000  Running /Applications/Xcode.app/Contents/Developer/Toolchains/XcodeDefault.xctoolchain/usr/bin/lipo '/var/folders/5l/j6c9scwd0kzcxb0p_6phdy1h0000gp/T/XcodeDistPipeline.~~~9Ps4oh/Root/Payload/MindWellness.app/Frameworks/ABGaugeViewKit.framework/ABGaugeViewKit' '-verify_arch' 'arm64e'
2023-06-14 14:53:28 +0000  /Applications/Xcode.app/Contents/Developer/Toolchains/XcodeDefault.xctoolchain/usr/bin/lipo exited with 1
2023-06-14 14:53:28 +0000  Skipping architecture thinning for item "ABGaugeViewKit" because arch "arm64e" wasn't found
2023-06-14 14:53:28 +0000  Running /Applications/Xcode.app/Contents/Developer/Toolchains/XcodeDefault.xctoolchain/usr/bin/lipo '/var/folders/5l/j6c9scwd0kzcxb0p_6phdy1h0000gp/T/XcodeDistPipeline.~~~9Ps4oh/Root/Payload/MindWellness.app/Frameworks/CircularCarousel.framework/CircularCarousel' '-verify_arch' 'arm64e'
2023-06-14 14:53:28 +0000  /Applications/Xcode.app/Contents/Developer/Toolchains/XcodeDefault.xctoolchain/usr/bin/lipo exited with 1
2023-06-14 14:53:28 +0000  Skipping architecture thinning for item "CircularCarousel" because arch "arm64e" wasn't found
2023-06-14 14:53:28 +0000  Running /Applications/Xcode.app/Contents/Developer/Toolchains/XcodeDefault.xctoolchain/usr/bin/lipo '/var/folders/5l/j6c9scwd0kzcxb0p_6phdy1h0000gp/T/XcodeDistPipeline.~~~9Ps4oh/Root/Payload/MindWellness.app/MindWellness' '-verify_arch' 'arm64e'
2023-06-14 14:53:28 +0000  /Applications/Xcode.app/Contents/Developer/Toolchains/XcodeDefault.xctoolchain/usr/bin/lipo exited with 1
2023-06-14 14:53:28 +0000  Skipping architecture thinning for item "MindWellness" because arch "arm64e" wasn't found
2023-06-14 14:53:28 +0000  Processing step: IDEDistributionODRStep
2023-06-14 14:53:28 +0000  Processing step: IDEDistributionStripXattrsStep
2023-06-14 14:53:28 +0000  Skipping stripping extended attributes of item: <IDEDistributionItem: 0x60000d53a460; bundleID='org.cocoapods.ABGaugeViewKit', path='<DVTFilePath:0x600009e60600:'/Users/rlogixxtraining/Library/Developer/Xcode/Archives/2023-06-14/MindWellness 14-06-23, 8.22 PM.xcarchive/Products/Applications/MindWellness.app/Frameworks/ABGaugeViewKit.framework'>', codeSigningInfo='<_DVTCodeSigningInformation_Path: 0x6000852a08c0; isSigned='1', isAdHocSigned='0', signingCertificate='<DVTSigningCertificate: 0x6000006229f0; name='Apple Development: Edward Hoofnagle (NXPZE95XRN)', hash='21F2D31E7F230CFF0AE0D3AA6FA6A676B9CC1F68', serialNumber='566942241ABBD843BF03389D7F3E1A30', certificateKinds='(
    "1.2.840.113635.100.6.1.12",
    "1.2.840.113635.100.6.1.2"
), issueDate='2022-10-15 09:45:05 +0000''>', entitlements='(null)', teamID='2C8DUS7BNG', identifier='org.cocoapods.ABGaugeViewKit', executablePath='<DVTFilePath:0x6000099bc9a0:'/Users/rlogixxtraining/Library/Developer/Xcode/Archives/2023-06-14/MindWellness 14-06-23, 8.22 PM.xcarchive/Products/Applications/MindWellness.app/Frameworks/ABGaugeViewKit.framework/ABGaugeViewKit'>', hardenedRuntime='0'>'>
2023-06-14 14:53:28 +0000  Skipping stripping extended attributes of item: <IDEDistributionItem: 0x60000d5f53e0; bundleID='org.cocoapods.CircularCarousel', path='<DVTFilePath:0x600009e60380:'/Users/rlogixxtraining/Library/Developer/Xcode/Archives/2023-06-14/MindWellness 14-06-23, 8.22 PM.xcarchive/Products/Applications/MindWellness.app/Frameworks/CircularCarousel.framework'>', codeSigningInfo='<_DVTCodeSigningInformation_Path: 0x6000852a07d0; isSigned='1', isAdHocSigned='0', signingCertificate='<DVTSigningCertificate: 0x6000006229f0; name='Apple Development: Edward Hoofnagle (NXPZE95XRN)', hash='21F2D31E7F230CFF0AE0D3AA6FA6A676B9CC1F68', serialNumber='566942241ABBD843BF03389D7F3E1A30', certificateKinds='(
    "1.2.840.113635.100.6.1.12",
    "1.2.840.113635.100.6.1.2"
), issueDate='2022-10-15 09:45:05 +0000''>', entitlements='(null)', teamID='2C8DUS7BNG', identifier='org.cocoapods.CircularCarousel', executablePath='<DVTFilePath:0x6000099bc5b0:'/Users/rlogixxtraining/Library/Developer/Xcode/Archives/2023-06-14/MindWellness 14-06-23, 8.22 PM.xcarchive/Products/Applications/MindWellness.app/Frameworks/CircularCarousel.framework/CircularCarousel'>', hardenedRuntime='0'>'>
2023-06-14 14:53:28 +0000  Running /usr/bin/xattr '-crs' '/var/folders/5l/j6c9scwd0kzcxb0p_6phdy1h0000gp/T/XcodeDistPipeline.~~~9Ps4oh/Root/Payload/MindWellness.app'
2023-06-14 14:53:28 +0000  /usr/bin/xattr exited with 0
2023-06-14 14:53:28 +0000  Processing step: IDEDistributionCodesignStep
2023-06-14 14:53:28 +0000  Entitlements for <IDEDistributionItem: 0x60000d53a460; bundleID='org.cocoapods.ABGaugeViewKit', path='<DVTFilePath:0x600009e60600:'/Users/rlogixxtraining/Library/Developer/Xcode/Archives/2023-06-14/MindWellness 14-06-23, 8.22 PM.xcarchive/Products/Applications/MindWellness.app/Frameworks/ABGaugeViewKit.framework'>', codeSigningInfo='<_DVTCodeSigningInformation_Path: 0x6000852a08c0; isSigned='1', isAdHocSigned='0', signingCertificate='<DVTSigningCertificate: 0x600000621970; name='Apple Development: Edward Hoofnagle (NXPZE95XRN)', hash='21F2D31E7F230CFF0AE0D3AA6FA6A676B9CC1F68', serialNumber='566942241ABBD843BF03389D7F3E1A30', certificateKinds='(
    "1.2.840.113635.100.6.1.12",
    "1.2.840.113635.100.6.1.2"
), issueDate='2022-10-15 09:45:05 +0000''>', entitlements='(null)', teamID='2C8DUS7BNG', identifier='org.cocoapods.ABGaugeViewKit', executablePath='<DVTFilePath:0x6000099bc9a0:'/Users/rlogixxtraining/Library/Developer/Xcode/Archives/2023-06-14/MindWellness 14-06-23, 8.22 PM.xcarchive/Products/Applications/MindWellness.app/Frameworks/ABGaugeViewKit.framework/ABGaugeViewKit'>', hardenedRuntime='0'>'>: {
}
2023-06-14 14:53:28 +0000  Entitlements for <IDEDistributionItem: 0x60000d53a460; bundleID='org.cocoapods.ABGaugeViewKit', path='<DVTFilePath:0x600009e60600:'/Users/rlogixxtraining/Library/Developer/Xcode/Archives/2023-06-14/MindWellness 14-06-23, 8.22 PM.xcarchive/Products/Applications/MindWellness.app/Frameworks/ABGaugeViewKit.framework'>', codeSigningInfo='<_DVTCodeSigningInformation_Path: 0x6000852a08c0; isSigned='1', isAdHocSigned='0', signingCertificate='<DVTSigningCertificate: 0x600000622c00; name='Apple Development: Edward Hoofnagle (NXPZE95XRN)', hash='21F2D31E7F230CFF0AE0D3AA6FA6A676B9CC1F68', serialNumber='566942241ABBD843BF03389D7F3E1A30', certificateKinds='(
    "1.2.840.113635.100.6.1.12",
    "1.2.840.113635.100.6.1.2"
), issueDate='2022-10-15 09:45:05 +0000''>', entitlements='(null)', teamID='2C8DUS7BNG', identifier='org.cocoapods.ABGaugeViewKit', executablePath='<DVTFilePath:0x6000099bc9a0:'/Users/rlogixxtraining/Library/Developer/Xcode/Archives/2023-06-14/MindWellness 14-06-23, 8.22 PM.xcarchive/Products/Applications/MindWellness.app/Frameworks/ABGaugeViewKit.framework/ABGaugeViewKit'>', hardenedRuntime='0'>'> are: {
}
2023-06-14 14:53:28 +0000  Writing entitlements for <IDEDistributionItem: 0x60000d53a460; bundleID='org.cocoapods.ABGaugeViewKit', path='<DVTFilePath:0x600009e60600:'/Users/rlogixxtraining/Library/Developer/Xcode/Archives/2023-06-14/MindWellness 14-06-23, 8.22 PM.xcarchive/Products/Applications/MindWellness.app/Frameworks/ABGaugeViewKit.framework'>', codeSigningInfo='<_DVTCodeSigningInformation_Path: 0x6000852a08c0; isSigned='1', isAdHocSigned='0', signingCertificate='<DVTSigningCertificate: 0x600000620a50; name='Apple Development: Edward Hoofnagle (NXPZE95XRN)', hash='21F2D31E7F230CFF0AE0D3AA6FA6A676B9CC1F68', serialNumber='566942241ABBD843BF03389D7F3E1A30', certificateKinds='(
    "1.2.840.113635.100.6.1.12",
    "1.2.840.113635.100.6.1.2"
), issueDate='2022-10-15 09:45:05 +0000''>', entitlements='(null)', teamID='2C8DUS7BNG', identifier='org.cocoapods.ABGaugeViewKit', executablePath='<DVTFilePath:0x6000099bc9a0:'/Users/rlogixxtraining/Library/Developer/Xcode/Archives/2023-06-14/MindWellness 14-06-23, 8.22 PM.xcarchive/Products/Applications/MindWellness.app/Frameworks/ABGaugeViewKit.framework/ABGaugeViewKit'>', hardenedRuntime='0'>'> to: /var/folders/5l/j6c9scwd0kzcxb0p_6phdy1h0000gp/T/XcodeDistPipeline.~~~9Ps4oh/entitlements~~~2INUSw
2023-06-14 14:53:28 +0000  Running /usr/bin/codesign '-vvv' '--force' '--sign' '21F2D31E7F230CFF0AE0D3AA6FA6A676B9CC1F68' '--entitlements' '/var/folders/5l/j6c9scwd0kzcxb0p_6phdy1h0000gp/T/XcodeDistPipeline.~~~9Ps4oh/entitlements~~~2INUSw' '--generate-entitlement-der' '--preserve-metadata=identifier,flags,runtime' '/var/folders/5l/j6c9scwd0kzcxb0p_6phdy1h0000gp/T/XcodeDistPipeline.~~~9Ps4oh/Root/Payload/MindWellness.app/Frameworks/ABGaugeViewKit.framework'
2023-06-14 14:53:28 +0000  /var/folders/5l/j6c9scwd0kzcxb0p_6phdy1h0000gp/T/XcodeDistPipeline.~~~9Ps4oh/Root/Payload/MindWellness.app/Frameworks/ABGaugeViewKit.framework: replacing existing signature
2023-06-14 14:53:28 +0000  /var/folders/5l/j6c9scwd0kzcxb0p_6phdy1h0000gp/T/XcodeDistPipeline.~~~9Ps4oh/Root/Payload/MindWellness.app/Frameworks/ABGaugeViewKit.framework: signed bundle with Mach-O thin (arm64) [org.cocoapods.ABGaugeViewKit]
2023-06-14 14:53:28 +0000  /usr/bin/codesign exited with 0
2023-06-14 14:53:28 +0000  Entitlements for <IDEDistributionItem: 0x60000d5f53e0; bundleID='org.cocoapods.CircularCarousel', path='<DVTFilePath:0x600009e60380:'/Users/rlogixxtraining/Library/Developer/Xcode/Archives/2023-06-14/MindWellness 14-06-23, 8.22 PM.xcarchive/Products/Applications/MindWellness.app/Frameworks/CircularCarousel.framework'>', codeSigningInfo='<_DVTCodeSigningInformation_Path: 0x6000852a07d0; isSigned='1', isAdHocSigned='0', signingCertificate='<DVTSigningCertificate: 0x600000636cb0; name='Apple Development: Edward Hoofnagle (NXPZE95XRN)', hash='21F2D31E7F230CFF0AE0D3AA6FA6A676B9CC1F68', serialNumber='566942241ABBD843BF03389D7F3E1A30', certificateKinds='(
    "1.2.840.113635.100.6.1.12",
    "1.2.840.113635.100.6.1.2"
), issueDate='2022-10-15 09:45:05 +0000''>', entitlements='(null)', teamID='2C8DUS7BNG', identifier='org.cocoapods.CircularCarousel', executablePath='<DVTFilePath:0x6000099bc5b0:'/Users/rlogixxtraining/Library/Developer/Xcode/Archives/2023-06-14/MindWellness 14-06-23, 8.22 PM.xcarchive/Products/Applications/MindWellness.app/Frameworks/CircularCarousel.framework/CircularCarousel'>', hardenedRuntime='0'>'>: {
}
2023-06-14 14:53:28 +0000  Entitlements for <IDEDistributionItem: 0x60000d5f53e0; bundleID='org.cocoapods.CircularCarousel', path='<DVTFilePath:0x600009e60380:'/Users/rlogixxtraining/Library/Developer/Xcode/Archives/2023-06-14/MindWellness 14-06-23, 8.22 PM.xcarchive/Products/Applications/MindWellness.app/Frameworks/CircularCarousel.framework'>', codeSigningInfo='<_DVTCodeSigningInformation_Path: 0x6000852a07d0; isSigned='1', isAdHocSigned='0', signingCertificate='<DVTSigningCertificate: 0x600000637910; name='Apple Development: Edward Hoofnagle (NXPZE95XRN)', hash='21F2D31E7F230CFF0AE0D3AA6FA6A676B9CC1F68', serialNumber='566942241ABBD843BF03389D7F3E1A30', certificateKinds='(
    "1.2.840.113635.100.6.1.12",
    "1.2.840.113635.100.6.1.2"
), issueDate='2022-10-15 09:45:05 +0000''>', entitlements='(null)', teamID='2C8DUS7BNG', identifier='org.cocoapods.CircularCarousel', executablePath='<DVTFilePath:0x6000099bc5b0:'/Users/rlogixxtraining/Library/Developer/Xcode/Archives/2023-06-14/MindWellness 14-06-23, 8.22 PM.xcarchive/Products/Applications/MindWellness.app/Frameworks/CircularCarousel.framework/CircularCarousel'>', hardenedRuntime='0'>'> are: {
}
2023-06-14 14:53:28 +0000  Writing entitlements for <IDEDistributionItem: 0x60000d5f53e0; bundleID='org.cocoapods.CircularCarousel', path='<DVTFilePath:0x600009e60380:'/Users/rlogixxtraining/Library/Developer/Xcode/Archives/2023-06-14/MindWellness 14-06-23, 8.22 PM.xcarchive/Products/Applications/MindWellness.app/Frameworks/CircularCarousel.framework'>', codeSigningInfo='<_DVTCodeSigningInformation_Path: 0x6000852a07d0; isSigned='1', isAdHocSigned='0', signingCertificate='<DVTSigningCertificate: 0x6000006229f0; name='Apple Development: Edward Hoofnagle (NXPZE95XRN)', hash='21F2D31E7F230CFF0AE0D3AA6FA6A676B9CC1F68', serialNumber='566942241ABBD843BF03389D7F3E1A30', certificateKinds='(
    "1.2.840.113635.100.6.1.12",
    "1.2.840.113635.100.6.1.2"
), issueDate='2022-10-15 09:45:05 +0000''>', entitlements='(null)', teamID='2C8DUS7BNG', identifier='org.cocoapods.CircularCarousel', executablePath='<DVTFilePath:0x6000099bc5b0:'/Users/rlogixxtraining/Library/Developer/Xcode/Archives/2023-06-14/MindWellness 14-06-23, 8.22 PM.xcarchive/Products/Applications/MindWellness.app/Frameworks/CircularCarousel.framework/CircularCarousel'>', hardenedRuntime='0'>'> to: /var/folders/5l/j6c9scwd0kzcxb0p_6phdy1h0000gp/T/XcodeDistPipeline.~~~9Ps4oh/entitlements~~~xGpr6M
2023-06-14 14:53:28 +0000  Running /usr/bin/codesign '-vvv' '--force' '--sign' '21F2D31E7F230CFF0AE0D3AA6FA6A676B9CC1F68' '--entitlements' '/var/folders/5l/j6c9scwd0kzcxb0p_6phdy1h0000gp/T/XcodeDistPipeline.~~~9Ps4oh/entitlements~~~xGpr6M' '--generate-entitlement-der' '--preserve-metadata=identifier,flags,runtime' '/var/folders/5l/j6c9scwd0kzcxb0p_6phdy1h0000gp/T/XcodeDistPipeline.~~~9Ps4oh/Root/Payload/MindWellness.app/Frameworks/CircularCarousel.framework'
2023-06-14 14:53:28 +0000  /var/folders/5l/j6c9scwd0kzcxb0p_6phdy1h0000gp/T/XcodeDistPipeline.~~~9Ps4oh/Root/Payload/MindWellness.app/Frameworks/CircularCarousel.framework: replacing existing signature
2023-06-14 14:53:28 +0000  /var/folders/5l/j6c9scwd0kzcxb0p_6phdy1h0000gp/T/XcodeDistPipeline.~~~9Ps4oh/Root/Payload/MindWellness.app/Frameworks/CircularCarousel.framework: signed bundle with Mach-O thin (arm64) [org.cocoapods.CircularCarousel]
2023-06-14 14:53:28 +0000  /usr/bin/codesign exited with 0
2023-06-14 14:53:28 +0000  Entitlements for <IDEDistributionItem: 0x60000d53b120; bundleID='com.ev.cc.main', path='<DVTFilePath:0x600009ad6d80:'/Users/rlogixxtraining/Library/Developer/Xcode/Archives/2023-06-14/MindWellness 14-06-23, 8.22 PM.xcarchive/Products/Applications/MindWellness.app'>', codeSigningInfo='<_DVTCodeSigningInformation_Path: 0x6000852ad270; isSigned='1', isAdHocSigned='0', signingCertificate='<DVTSigningCertificate: 0x600000636cb0; name='Apple Development: Edward Hoofnagle (NXPZE95XRN)', hash='21F2D31E7F230CFF0AE0D3AA6FA6A676B9CC1F68', serialNumber='566942241ABBD843BF03389D7F3E1A30', certificateKinds='(
    "1.2.840.113635.100.6.1.12",
    "1.2.840.113635.100.6.1.2"
), issueDate='2022-10-15 09:45:05 +0000''>', entitlements='{
    "application-identifier" = "2C8DUS7BNG.com.ev.cc.main";
    "com.apple.developer.team-identifier" = 2C8DUS7BNG;
    "get-task-allow" = 1;
}', teamID='2C8DUS7BNG', identifier='com.ev.cc.main', executablePath='<DVTFilePath:0x6000099c5e30:'/Users/rlogixxtraining/Library/Developer/Xcode/Archives/2023-06-14/MindWellness 14-06-23, 8.22 PM.xcarchive/Products/Applications/MindWellness.app/MindWellness'>', hardenedRuntime='0'>'>: {
    "application-identifier" = "2C8DUS7BNG.com.ev.cc.main";
    "com.apple.developer.team-identifier" = 2C8DUS7BNG;
    "get-task-allow" = 1;
}
2023-06-14 14:53:28 +0000  Entitlements for <IDEDistributionItem: 0x60000d53b120; bundleID='com.ev.cc.main', path='<DVTFilePath:0x600009ad6d80:'/Users/rlogixxtraining/Library/Developer/Xcode/Archives/2023-06-14/MindWellness 14-06-23, 8.22 PM.xcarchive/Products/Applications/MindWellness.app'>', codeSigningInfo='<_DVTCodeSigningInformation_Path: 0x6000852ad270; isSigned='1', isAdHocSigned='0', signingCertificate='<DVTSigningCertificate: 0x600000637910; name='Apple Development: Edward Hoofnagle (NXPZE95XRN)', hash='21F2D31E7F230CFF0AE0D3AA6FA6A676B9CC1F68', serialNumber='566942241ABBD843BF03389D7F3E1A30', certificateKinds='(
    "1.2.840.113635.100.6.1.12",
    "1.2.840.113635.100.6.1.2"
), issueDate='2022-10-15 09:45:05 +0000''>', entitlements='{
    "application-identifier" = "2C8DUS7BNG.com.ev.cc.main";
    "com.apple.developer.team-identifier" = 2C8DUS7BNG;
    "get-task-allow" = 1;
}', teamID='2C8DUS7BNG', identifier='com.ev.cc.main', executablePath='<DVTFilePath:0x6000099c5e30:'/Users/rlogixxtraining/Library/Developer/Xcode/Archives/2023-06-14/MindWellness 14-06-23, 8.22 PM.xcarchive/Products/Applications/MindWellness.app/MindWellness'>', hardenedRuntime='0'>'> are: {
    "application-identifier" = "2C8DUS7BNG.com.ev.cc.main";
    "com.apple.developer.team-identifier" = 2C8DUS7BNG;
    "get-task-allow" = 1;
}
2023-06-14 14:53:28 +0000  Writing entitlements for <IDEDistributionItem: 0x60000d53b120; bundleID='com.ev.cc.main', path='<DVTFilePath:0x600009ad6d80:'/Users/rlogixxtraining/Library/Developer/Xcode/Archives/2023-06-14/MindWellness 14-06-23, 8.22 PM.xcarchive/Products/Applications/MindWellness.app'>', codeSigningInfo='<_DVTCodeSigningInformation_Path: 0x6000852ad270; isSigned='1', isAdHocSigned='0', signingCertificate='<DVTSigningCertificate: 0x600000637b20; name='Apple Development: Edward Hoofnagle (NXPZE95XRN)', hash='21F2D31E7F230CFF0AE0D3AA6FA6A676B9CC1F68', serialNumber='566942241ABBD843BF03389D7F3E1A30', certificateKinds='(
    "1.2.840.113635.100.6.1.12",
    "1.2.840.113635.100.6.1.2"
), issueDate='2022-10-15 09:45:05 +0000''>', entitlements='{
    "application-identifier" = "2C8DUS7BNG.com.ev.cc.main";
    "com.apple.developer.team-identifier" = 2C8DUS7BNG;
    "get-task-allow" = 1;
}', teamID='2C8DUS7BNG', identifier='com.ev.cc.main', executablePath='<DVTFilePath:0x6000099c5e30:'/Users/rlogixxtraining/Library/Developer/Xcode/Archives/2023-06-14/MindWellness 14-06-23, 8.22 PM.xcarchive/Products/Applications/MindWellness.app/MindWellness'>', hardenedRuntime='0'>'> to: /var/folders/5l/j6c9scwd0kzcxb0p_6phdy1h0000gp/T/XcodeDistPipeline.~~~9Ps4oh/entitlements~~~7KG8k1
2023-06-14 14:53:28 +0000  Running /usr/bin/codesign '-vvv' '--force' '--sign' '21F2D31E7F230CFF0AE0D3AA6FA6A676B9CC1F68' '--entitlements' '/var/folders/5l/j6c9scwd0kzcxb0p_6phdy1h0000gp/T/XcodeDistPipeline.~~~9Ps4oh/entitlements~~~7KG8k1' '--generate-entitlement-der' '--preserve-metadata=identifier,flags,runtime' '/var/folders/5l/j6c9scwd0kzcxb0p_6phdy1h0000gp/T/XcodeDistPipeline.~~~9Ps4oh/Root/Payload/MindWellness.app'
2023-06-14 14:53:28 +0000  /var/folders/5l/j6c9scwd0kzcxb0p_6phdy1h0000gp/T/XcodeDistPipeline.~~~9Ps4oh/Root/Payload/MindWellness.app: replacing existing signature
2023-06-14 14:53:28 +0000  /var/folders/5l/j6c9scwd0kzcxb0p_6phdy1h0000gp/T/XcodeDistPipeline.~~~9Ps4oh/Root/Payload/MindWellness.app: signed app bundle with Mach-O thin (arm64) [com.ev.cc.main]
2023-06-14 14:53:28 +0000  /usr/bin/codesign exited with 0
2023-06-14 14:53:28 +0000  Processing step: IDEDistributionZipODRItemStep
2023-06-14 14:53:28 +0000  Skipping step: IDEDistributionZipODRItemStep because it said so
2023-06-14 14:53:28 +0000  Skipping step: IDEDistributionZipODRItemStep because it said so
2023-06-14 14:53:28 +0000  Skipping step: IDEDistributionZipODRItemStep because it said so
2023-06-14 14:53:28 +0000  Processing step: IDEDistributionCreateIPAStep
2023-06-14 14:53:28 +0000  Running /usr/bin/ditto '-V' '-c' '-k' '--norsrc' '/var/folders/5l/j6c9scwd0kzcxb0p_6phdy1h0000gp/T/XcodeDistPipeline.~~~9Ps4oh/Root' '/var/folders/5l/j6c9scwd0kzcxb0p_6phdy1h0000gp/T/XcodeDistPipeline.~~~9Ps4oh/Packages/Mind Wellness.ipa'
2023-06-14 14:53:28 +0000  >>> Copying /var/folders/5l/j6c9scwd0kzcxb0p_6phdy1h0000gp/T/XcodeDistPipeline.~~~9Ps4oh/Root 
2023-06-14 14:53:28 +0000  copying file ./Payload/MindWellness.app/_CodeSignature/CodeResources ... 
2023-06-14 14:53:28 +0000  28423 bytes for ./Payload/MindWellness.app/_CodeSignature/CodeResources
2023-06-14 14:53:28 +0000  copying file ./Payload/MindWellness.app/bg3.jpeg ... 
2023-06-14 14:53:28 +0000  11172 bytes for ./Payload/MindWellness.app/bg3.jpeg
2023-06-14 14:53:28 +0000  copying file ./Payload/MindWellness.app/Depression.plist ... 
2023-06-14 14:53:28 +0000  15885 bytes for ./Payload/MindWellness.app/Depression.plist
2023-06-14 14:53:28 +0000  copying file ./Payload/MindWellness.app/MentalHealthTableViewCell.nib ... 
2023-06-14 14:53:28 +0000  7006 bytes for ./Payload/MindWellness.app/MentalHealthTableViewCell.nib
2023-06-14 14:53:28 +0000  copying file ./Payload/MindWellness.app/meditation.jpeg ... 
2023-06-14 14:53:28 +0000  5076 bytes for ./Payload/MindWellness.app/meditation.jpeg
2023-06-14 14:53:28 +0000  copying file ./Payload/MindWellness.app/ten.png ... 
2023-06-14 14:53:28 +0000  68523 bytes for ./Payload/MindWellness.app/ten.png
copying file ./Payload/MindWellness.app/helpapp.jpeg ... 
2023-06-14 14:53:28 +0000  496326 bytes for ./Payload/MindWellness.app/helpapp.jpeg
2023-06-14 14:53:28 +0000  copying file ./Payload/MindWellness.app/bipolardisorder.jpg ... 
2023-06-14 14:53:28 +0000  40083 bytes for ./Payload/MindWellness.app/bipolardisorder.jpg
copying file ./Payload/MindWellness.app/YogaTextTableViewCell.nib ... 
2023-06-14 14:53:28 +0000  4439 bytes for ./Payload/MindWellness.app/YogaTextTableViewCell.nib
2023-06-14 14:53:28 +0000  copying file ./Payload/MindWellness.app/yog.png ... 
2023-06-14 14:53:28 +0000  11528 bytes for ./Payload/MindWellness.app/yog.png
2023-06-14 14:53:28 +0000  copying file ./Payload/MindWellness.app/videoImage.png ... 
2023-06-14 14:53:28 +0000  3536 bytes for ./Payload/MindWellness.app/videoImage.png
2023-06-14 14:53:28 +0000  copying file ./Payload/MindWellness.app/MentalHealthProbTableViewCell.nib ... 
2023-06-14 14:53:28 +0000  5103 bytes for ./Payload/MindWellness.app/MentalHealthProbTableViewCell.nib
2023-06-14 14:53:28 +0000  copying file ./Payload/MindWellness.app/Mental.jpeg ... 
2023-06-14 14:53:28 +0000  9742 bytes for ./Payload/MindWellness.app/Mental.jpeg
2023-06-14 14:53:28 +0000  copying file ./Payload/MindWellness.app/launchscreen.png ... 
2023-06-14 14:53:28 +0000  5580 bytes for ./Payload/MindWellness.app/launchscreen.png
2023-06-14 14:53:28 +0000  copying file ./Payload/MindWellness.app/bg2.jpeg ... 
2023-06-14 14:53:28 +0000  11355 bytes for ./Payload/MindWellness.app/bg2.jpeg
2023-06-14 14:53:28 +0000  copying file ./Payload/MindWellness.app/card1.jpeg ... 
2023-06-14 14:53:28 +0000  1423 bytes for ./Payload/MindWellness.app/card1.jpeg
2023-06-14 14:53:28 +0000  copying file ./Payload/MindWellness.app/Psychosis.plist ... 
2023-06-14 14:53:28 +0000  8348 bytes for ./Payload/MindWellness.app/Psychosis.plist
copying file ./Payload/MindWellness.app/male.png ... 
2023-06-14 14:53:28 +0000  9860 bytes for ./Payload/MindWellness.app/male.png
2023-06-14 14:53:28 +0000  copying file ./Payload/MindWellness.app/images3.jpeg ... 
2023-06-14 14:53:28 +0000  1441 bytes for ./Payload/MindWellness.app/images3.jpeg
2023-06-14 14:53:28 +0000  copying file ./Payload/MindWellness.app/images5.png ... 
2023-06-14 14:53:28 +0000  217 bytes for ./Payload/MindWellness.app/images5.png
copying file ./Payload/MindWellness.app/bg5.jpeg ... 
2023-06-14 14:53:28 +0000  11315 bytes for ./Payload/MindWellness.app/bg5.jpeg
2023-06-14 14:53:28 +0000  copying file ./Payload/MindWellness.app/anxiety.jpg ... 
2023-06-14 14:53:28 +0000  32479 bytes for ./Payload/MindWellness.app/anxiety.jpg
copying file ./Payload/MindWellness.app/stopsound.png ... 
2023-06-14 14:53:28 +0000  2825 bytes for ./Payload/MindWellness.app/stopsound.png
2023-06-14 14:53:28 +0000  copying file ./Payload/MindWellness.app/LabelTableViewCell.nib ... 
2023-06-14 14:53:28 +0000  4818 bytes for ./Payload/MindWellness.app/LabelTableViewCell.nib
2023-06-14 14:53:28 +0000  copying file ./Payload/MindWellness.app/ThumbnailImageMHPVC.plist ... 
2023-06-14 14:53:28 +0000  72 bytes for ./Payload/MindWellness.app/ThumbnailImageMHPVC.plist
copying file ./Payload/MindWellness.app/doctor.jpg ... 
2023-06-14 14:53:28 +0000  37245 bytes for ./Payload/MindWellness.app/doctor.jpg
copying file ./Payload/MindWellness.app/two.jpg ... 
2023-06-14 14:53:28 +0000  196560 bytes for ./Payload/MindWellness.app/two.jpg
copying file ./Payload/MindWellness.app/phycosis.jpg ... 
2023-06-14 14:53:28 +0000  38146 bytes for ./Payload/MindWellness.app/phycosis.jpg
copying file ./Payload/MindWellness.app/psychtristnearme.jpeg ... 
2023-06-14 14:53:28 +0000  10081 bytes for ./Payload/MindWellness.app/psychtristnearme.jpeg
2023-06-14 14:53:28 +0000  copying file ./Payload/MindWellness.app/counselling.png ... 
2023-06-14 14:53:28 +0000  5223 bytes for ./Payload/MindWellness.app/counselling.png
2023-06-14 14:53:28 +0000  copying file ./Payload/MindWellness.app/bg4.jpeg ... 
2023-06-14 14:53:28 +0000  11484 bytes for ./Payload/MindWellness.app/bg4.jpeg
2023-06-14 14:53:28 +0000  copying file ./Payload/MindWellness.app/Addiction.plist ... 
2023-06-14 14:53:28 +0000  3372 bytes for ./Payload/MindWellness.app/Addiction.plist
2023-06-14 14:53:28 +0000  copying file ./Payload/MindWellness.app/DoctorListTableViewCell.nib ... 
2023-06-14 14:53:28 +0000  4826 bytes for ./Payload/MindWellness.app/DoctorListTableViewCell.nib
2023-06-14 14:53:28 +0000  copying file ./Payload/MindWellness.app/YogaTableViewCell.nib ... 
2023-06-14 14:53:28 +0000  4828 bytes for ./Payload/MindWellness.app/YogaTableViewCell.nib
2023-06-14 14:53:28 +0000  copying file ./Payload/MindWellness.app/Base.lproj/Main.storyboardc/09j-7R-08u-view-lpn-zE-hlL.nib ... 
2023-06-14 14:53:28 +0000  6358 bytes for ./Payload/MindWellness.app/Base.lproj/Main.storyboardc/09j-7R-08u-view-lpn-zE-hlL.nib
2023-06-14 14:53:28 +0000  copying file ./Payload/MindWellness.app/Base.lproj/Main.storyboardc/common1.nib ... 
2023-06-14 14:53:28 +0000  1029 bytes for ./Payload/MindWellness.app/Base.lproj/Main.storyboardc/common1.nib
2023-06-14 14:53:28 +0000  copying file ./Payload/MindWellness.app/Base.lproj/Main.storyboardc/bmg-bS-fKh-view-5pg-tO-u5E.nib ... 
2023-06-14 14:53:28 +0000  5877 bytes for ./Payload/MindWellness.app/Base.lproj/Main.storyboardc/bmg-bS-fKh-view-5pg-tO-u5E.nib
2023-06-14 14:53:28 +0000  copying file ./Payload/MindWellness.app/Base.lproj/Main.storyboardc/MentalHealthProblemViewController.nib ... 
2023-06-14 14:53:28 +0000  1062 bytes for ./Payload/MindWellness.app/Base.lproj/Main.storyboardc/MentalHealthProblemViewController.nib
2023-06-14 14:53:28 +0000  copying file ./Payload/MindWellness.app/Base.lproj/Main.storyboardc/eXG-Tx-7Mj-view-b68-R5-Dzj.nib ... 
2023-06-14 14:53:28 +0000  7837 bytes for ./Payload/MindWellness.app/Base.lproj/Main.storyboardc/eXG-Tx-7Mj-view-b68-R5-Dzj.nib
2023-06-14 14:53:28 +0000  copying file ./Payload/MindWellness.app/Base.lproj/Main.storyboardc/AfterResultQuestionViewController.nib ... 
2023-06-14 14:53:28 +0000  1062 bytes for ./Payload/MindWellness.app/Base.lproj/Main.storyboardc/AfterResultQuestionViewController.nib
2023-06-14 14:53:28 +0000  copying file ./Payload/MindWellness.app/Base.lproj/Main.storyboardc/BMIViewController.nib ... 
2023-06-14 14:53:28 +0000  1030 bytes for ./Payload/MindWellness.app/Base.lproj/Main.storyboardc/BMIViewController.nib
2023-06-14 14:53:28 +0000  copying file ./Payload/MindWellness.app/Base.lproj/Main.storyboardc/LMY-Te-GdV-view-H1B-ZX-i9u.nib ... 
2023-06-14 14:53:28 +0000  19114 bytes for ./Payload/MindWellness.app/Base.lproj/Main.storyboardc/LMY-Te-GdV-view-H1B-ZX-i9u.nib
copying file ./Payload/MindWellness.app/Base.lproj/Main.storyboardc/PaidViewController.nib ... 
2023-06-14 14:53:28 +0000  1135 bytes for ./Payload/MindWellness.app/Base.lproj/Main.storyboardc/PaidViewController.nib
copying file ./Payload/MindWellness.app/Base.lproj/Main.storyboardc/NNS-c1-1cn-view-fCD-bX-KuR.nib ... 
2023-06-14 14:53:28 +0000  7277 bytes for ./Payload/MindWellness.app/Base.lproj/Main.storyboardc/NNS-c1-1cn-view-fCD-bX-KuR.nib
2023-06-14 14:53:28 +0000  copying file ./Payload/MindWellness.app/Base.lproj/Main.storyboardc/7bV-UC-wwj-view-BYu-Rd-0zu.nib ... 
2023-06-14 14:53:28 +0000  10861 bytes for ./Payload/MindWellness.app/Base.lproj/Main.storyboardc/7bV-UC-wwj-view-BYu-Rd-0zu.nib
2023-06-14 14:53:28 +0000  copying file ./Payload/MindWellness.app/Base.lproj/Main.storyboardc/b4X-nw-lx6-view-Eog-gH-sce.nib ... 
2023-06-14 14:53:28 +0000  2690 bytes for ./Payload/MindWellness.app/Base.lproj/Main.storyboardc/b4X-nw-lx6-view-Eog-gH-sce.nib
2023-06-14 14:53:28 +0000  copying file ./Payload/MindWellness.app/Base.lproj/Main.storyboardc/gSV-bW-heH-view-AIr-fw-Mpw.nib ... 
2023-06-14 14:53:28 +0000  6712 bytes for ./Payload/MindWellness.app/Base.lproj/Main.storyboardc/gSV-bW-heH-view-AIr-fw-Mpw.nib
2023-06-14 14:53:28 +0000  copying file ./Payload/MindWellness.app/Base.lproj/Main.storyboardc/FOu-2y-HAS-view-1ga-is-3ll.nib ... 
2023-06-14 14:53:28 +0000  12206 bytes for ./Payload/MindWellness.app/Base.lproj/Main.storyboardc/FOu-2y-HAS-view-1ga-is-3ll.nib
2023-06-14 14:53:28 +0000  copying file ./Payload/MindWellness.app/Base.lproj/Main.storyboardc/RHi-DU-Dux-view-K7a-lA-BQ7.nib ... 
2023-06-14 14:53:28 +0000  9163 bytes for ./Payload/MindWellness.app/Base.lproj/Main.storyboardc/RHi-DU-Dux-view-K7a-lA-BQ7.nib
2023-06-14 14:53:28 +0000  copying file ./Payload/MindWellness.app/Base.lproj/Main.storyboardc/j65-XK-2g6-view-HGG-xU-wfn.nib ... 
2023-06-14 14:53:28 +0000  9131 bytes for ./Payload/MindWellness.app/Base.lproj/Main.storyboardc/j65-XK-2g6-view-HGG-xU-wfn.nib
2023-06-14 14:53:28 +0000  copying file ./Payload/MindWellness.app/Base.lproj/Main.storyboardc/8Ue-9m-wWJ-view-Erk-XT-yrN.nib ... 
2023-06-14 14:53:28 +0000  10553 bytes for ./Payload/MindWellness.app/Base.lproj/Main.storyboardc/8Ue-9m-wWJ-view-Erk-XT-yrN.nib
2023-06-14 14:53:28 +0000  copying file ./Payload/MindWellness.app/Base.lproj/Main.storyboardc/question.nib ... 
2023-06-14 14:53:28 +0000  1135 bytes for ./Payload/MindWellness.app/Base.lproj/Main.storyboardc/question.nib
2023-06-14 14:53:28 +0000  copying file ./Payload/MindWellness.app/Base.lproj/Main.storyboardc/MentalHealthViewController.nib ... 
2023-06-14 14:53:28 +0000  1048 bytes for ./Payload/MindWellness.app/Base.lproj/Main.storyboardc/MentalHealthViewController.nib
2023-06-14 14:53:28 +0000  copying file ./Payload/MindWellness.app/Base.lproj/Main.storyboardc/gauge.nib ... 
2023-06-14 14:53:28 +0000  1025 bytes for ./Payload/MindWellness.app/Base.lproj/Main.storyboardc/gauge.nib
2023-06-14 14:53:28 +0000  copying file ./Payload/MindWellness.app/Base.lproj/Main.storyboardc/fHX-dQ-DxH-view-WhU-PH-eIH.nib ... 
2023-06-14 14:53:28 +0000  11614 bytes for ./Payload/MindWellness.app/Base.lproj/Main.storyboardc/fHX-dQ-DxH-view-WhU-PH-eIH.nib
2023-06-14 14:53:28 +0000  copying file ./Payload/MindWellness.app/Base.lproj/Main.storyboardc/possible.nib ... 
2023-06-14 14:53:28 +0000  1035 bytes for ./Payload/MindWellness.app/Base.lproj/Main.storyboardc/possible.nib
2023-06-14 14:53:28 +0000  copying file ./Payload/MindWellness.app/Base.lproj/Main.storyboardc/Jgy-0x-6Qm-view-SKC-I9-En1.nib ... 
2023-06-14 14:53:28 +0000  9823 bytes for ./Payload/MindWellness.app/Base.lproj/Main.storyboardc/Jgy-0x-6Qm-view-SKC-I9-En1.nib
2023-06-14 14:53:28 +0000  copying file ./Payload/MindWellness.app/Base.lproj/Main.storyboardc/AasanTextViewController.nib ... 
2023-06-14 14:53:28 +0000  1042 bytes for ./Payload/MindWellness.app/Base.lproj/Main.storyboardc/AasanTextViewController.nib
2023-06-14 14:53:28 +0000  copying file ./Payload/MindWellness.app/Base.lproj/Main.storyboardc/MeditationViewController.nib ... 
2023-06-14 14:53:28 +0000  1044 bytes for ./Payload/MindWellness.app/Base.lproj/Main.storyboardc/MeditationViewController.nib
copying file ./Payload/MindWellness.app/Base.lproj/Main.storyboardc/morequiz.nib ... 
2023-06-14 14:53:28 +0000  1026 bytes for ./Payload/MindWellness.app/Base.lproj/Main.storyboardc/morequiz.nib
2023-06-14 14:53:28 +0000  copying file ./Payload/MindWellness.app/Base.lproj/Main.storyboardc/MHPDetailsViewController.nib ... 
2023-06-14 14:53:28 +0000  1044 bytes for ./Payload/MindWellness.app/Base.lproj/Main.storyboardc/MHPDetailsViewController.nib
copying file ./Payload/MindWellness.app/Base.lproj/Main.storyboardc/CarouselViewController.nib ... 
2023-06-14 14:53:28 +0000  1143 bytes for ./Payload/MindWellness.app/Base.lproj/Main.storyboardc/CarouselViewController.nib
2023-06-14 14:53:28 +0000  copying file ./Payload/MindWellness.app/Base.lproj/Main.storyboardc/wwj-cq-7gA-view-wJo-6z-k3D.nib ... 
2023-06-14 14:53:28 +0000  19280 bytes for ./Payload/MindWellness.app/Base.lproj/Main.storyboardc/wwj-cq-7gA-view-wJo-6z-k3D.nib
copying file ./Payload/MindWellness.app/Base.lproj/Main.storyboardc/smz-bq-nWu-view-fFb-LU-DpW.nib ... 
2023-06-14 14:53:28 +0000  2956 bytes for ./Payload/MindWellness.app/Base.lproj/Main.storyboardc/smz-bq-nWu-view-fFb-LU-DpW.nib
2023-06-14 14:53:28 +0000  copying file ./Payload/MindWellness.app/Base.lproj/Main.storyboardc/assessment.nib ... 
2023-06-14 14:53:28 +0000  991 bytes for ./Payload/MindWellness.app/Base.lproj/Main.storyboardc/assessment.nib
copying file ./Payload/MindWellness.app/Base.lproj/Main.storyboardc/investigation.nib ... 
2023-06-14 14:53:28 +0000  1044 bytes for ./Payload/MindWellness.app/Base.lproj/Main.storyboardc/investigation.nib
2023-06-14 14:53:28 +0000  copying file ./Payload/MindWellness.app/Base.lproj/Main.storyboardc/IsH-p4-5Jm-view-r4b-Ml-Qx9.nib ... 
2023-06-14 14:53:28 +0000  8549 bytes for ./Payload/MindWellness.app/Base.lproj/Main.storyboardc/IsH-p4-5Jm-view-r4b-Ml-Qx9.nib
2023-06-14 14:53:28 +0000  copying file ./Payload/MindWellness.app/Base.lproj/Main.storyboardc/SoundViewController.nib ... 
2023-06-14 14:53:28 +0000  1034 bytes for ./Payload/MindWellness.app/Base.lproj/Main.storyboardc/SoundViewController.nib
2023-06-14 14:53:28 +0000  copying file ./Payload/MindWellness.app/Base.lproj/Main.storyboardc/UINavigationController-xyL-SB-d7g.nib ... 
2023-06-14 14:53:28 +0000  1965 bytes for ./Payload/MindWellness.app/Base.lproj/Main.storyboardc/UINavigationController-xyL-SB-d7g.nib
2023-06-14 14:53:28 +0000  copying file ./Payload/MindWellness.app/Base.lproj/Main.storyboardc/Info.plist ... 
2023-06-14 14:53:28 +0000  1059 bytes for ./Payload/MindWellness.app/Base.lproj/Main.storyboardc/Info.plist
2023-06-14 14:53:28 +0000  copying file ./Payload/MindWellness.app/Base.lproj/LaunchScreen.storyboardc/01J-lp-oVM-view-Ze5-6b-2t3.nib ... 
2023-06-14 14:53:28 +0000  2520 bytes for ./Payload/MindWellness.app/Base.lproj/LaunchScreen.storyboardc/01J-lp-oVM-view-Ze5-6b-2t3.nib
2023-06-14 14:53:28 +0000  copying file ./Payload/MindWellness.app/Base.lproj/LaunchScreen.storyboardc/UIViewController-01J-lp-oVM.nib ... 
2023-06-14 14:53:28 +0000  896 bytes for ./Payload/MindWellness.app/Base.lproj/LaunchScreen.storyboardc/UIViewController-01J-lp-oVM.nib
2023-06-14 14:53:28 +0000  copying file ./Payload/MindWellness.app/Base.lproj/LaunchScreen.storyboardc/Info.plist ... 
2023-06-14 14:53:28 +0000  258 bytes for ./Payload/MindWellness.app/Base.lproj/LaunchScreen.storyboardc/Info.plist
copying file ./Payload/MindWellness.app/sound.mpeg ... 
2023-06-14 14:53:28 +0000  5924608 bytes for ./Payload/MindWellness.app/sound.mpeg
copying file ./Payload/MindWellness.app/Yoga Data.plist ... 
2023-06-14 14:53:28 +0000  3727 bytes for ./Payload/MindWellness.app/Yoga Data.plist
copying file ./Payload/MindWellness.app/soundplay.tiff ... 
8290 bytes for ./Payload/MindWellness.app/soundplay.tiff
copying file ./Payload/MindWellness.app/female.png ... 
2023-06-14 14:53:28 +0000  3742 bytes for ./Payload/MindWellness.app/female.png
copying file ./Payload/MindWellness.app/Assets.car ... 
2023-06-14 14:53:28 +0000  145279 bytes for ./Payload/MindWellness.app/Assets.car
copying file ./Payload/MindWellness.app/Addiction.png ... 
2023-06-14 14:53:28 +0000  12609 bytes for ./Payload/MindWellness.app/Addiction.png
copying file ./Payload/MindWellness.app/Bipolar Disorder.plist ... 
2023-06-14 14:53:28 +0000  11857 bytes for ./Payload/MindWellness.app/Bipolar Disorder.plist
copying file ./Payload/MindWellness.app/cross.png ... 
2023-06-14 14:53:28 +0000  1939 bytes for ./Payload/MindWellness.app/cross.png
copying file ./Payload/MindWellness.app/bg6.jpeg ... 
2023-06-14 14:53:28 +0000  11048 bytes for ./Payload/MindWellness.app/bg6.jpeg
2023-06-14 14:53:28 +0000  copying file ./Payload/MindWellness.app/Anxiety.plist ... 
744 bytes for ./Payload/MindWellness.app/Anxiety.plist
copying file ./Payload/MindWellness.app/medi.jpeg ... 
2023-06-14 14:53:28 +0000  6167 bytes for ./Payload/MindWellness.app/medi.jpeg
copying file ./Payload/MindWellness.app/MindWellness ... 
2023-06-14 14:53:28 +0000  367344 bytes for ./Payload/MindWellness.app/MindWellness
copying file ./Payload/MindWellness.app/LastTableViewCell.nib ... 
2023-06-14 14:53:28 +0000  3301 bytes for ./Payload/MindWellness.app/LastTableViewCell.nib
2023-06-14 14:53:28 +0000  copying file ./Payload/MindWellness.app/LastCollectionViewCell.nib ... 
2023-06-14 14:53:28 +0000  6520 bytes for ./Payload/MindWellness.app/LastCollectionViewCell.nib
copying file ./Payload/MindWellness.app/eleven.jpg ... 
2023-06-14 14:53:28 +0000  76709 bytes for ./Payload/MindWellness.app/eleven.jpg
copying file ./Payload/MindWellness.app/otherpsychotic.jpeg ... 
2023-06-14 14:53:28 +0000  14299 bytes for ./Payload/MindWellness.app/otherpsychotic.jpeg
copying file ./Payload/MindWellness.app/FieldCollectionViewCell.nib ... 
2023-06-14 14:53:28 +0000  6410 bytes for ./Payload/MindWellness.app/FieldCollectionViewCell.nib
copying file ./Payload/MindWellness.app/HeaderTableViewCell.nib ... 
2023-06-14 14:53:28 +0000  4291 bytes for ./Payload/MindWellness.app/HeaderTableViewCell.nib
2023-06-14 14:53:28 +0000  copying file ./Payload/MindWellness.app/Frameworks/CircularCarousel.framework/_CodeSignature/CodeResources ... 
1798 bytes for ./Payload/MindWellness.app/Frameworks/CircularCarousel.framework/_CodeSignature/CodeResources
2023-06-14 14:53:28 +0000  copying file ./Payload/MindWellness.app/Frameworks/CircularCarousel.framework/CircularCarousel ... 
2023-06-14 14:53:28 +0000  336528 bytes for ./Payload/MindWellness.app/Frameworks/CircularCarousel.framework/CircularCarousel
copying file ./Payload/MindWellness.app/Frameworks/CircularCarousel.framework/Info.plist ... 
2023-06-14 14:53:28 +0000  802 bytes for ./Payload/MindWellness.app/Frameworks/CircularCarousel.framework/Info.plist
2023-06-14 14:53:28 +0000  copying file ./Payload/MindWellness.app/Frameworks/ABGaugeViewKit.framework/_CodeSignature/CodeResources ... 
2023-06-14 14:53:28 +0000  1798 bytes for ./Payload/MindWellness.app/Frameworks/ABGaugeViewKit.framework/_CodeSignature/CodeResources
2023-06-14 14:53:28 +0000  copying file ./Payload/MindWellness.app/Frameworks/ABGaugeViewKit.framework/ABGaugeViewKit ... 
2023-06-14 14:53:28 +0000  143872 bytes for ./Payload/MindWellness.app/Frameworks/ABGaugeViewKit.framework/ABGaugeViewKit
copying file ./Payload/MindWellness.app/Frameworks/ABGaugeViewKit.framework/Info.plist ... 
2023-06-14 14:53:28 +0000  797 bytes for ./Payload/MindWellness.app/Frameworks/ABGaugeViewKit.framework/Info.plist
2023-06-14 14:53:28 +0000  copying file ./Payload/MindWellness.app/ShowDiseaseTableViewCell.nib ... 
2023-06-14 14:53:28 +0000  3866 bytes for ./Payload/MindWellness.app/ShowDiseaseTableViewCell.nib
2023-06-14 14:53:28 +0000  copying file ./Payload/MindWellness.app/mentalhealth.jpeg ... 
2023-06-14 14:53:28 +0000  4966 bytes for ./Payload/MindWellness.app/mentalhealth.jpeg
2023-06-14 14:53:28 +0000  copying file ./Payload/MindWellness.app/embedded.mobileprovision ... 
2023-06-14 14:53:28 +0000  12246 bytes for ./Payload/MindWellness.app/embedded.mobileprovision
2023-06-14 14:53:28 +0000  copying file ./Payload/MindWellness.app/depression.jpg ... 
2023-06-14 14:53:28 +0000  18600 bytes for ./Payload/MindWellness.app/depression.jpg
2023-06-14 14:53:28 +0000  copying file ./Payload/MindWellness.app/sidebarImage.png ... 
2023-06-14 14:53:28 +0000  1188 bytes for ./Payload/MindWellness.app/sidebarImage.png
2023-06-14 14:53:28 +0000  copying file ./Payload/MindWellness.app/MentalHealthContentsTableViewCell.nib ... 
2023-06-14 14:53:28 +0000  5704 bytes for ./Payload/MindWellness.app/MentalHealthContentsTableViewCell.nib
2023-06-14 14:53:28 +0000  copying file ./Payload/MindWellness.app/doctor.plist ... 
2023-06-14 14:53:28 +0000  565 bytes for ./Payload/MindWellness.app/doctor.plist
2023-06-14 14:53:28 +0000  copying file ./Payload/MindWellness.app/Info.plist ... 
2023-06-14 14:53:28 +0000  1519 bytes for ./Payload/MindWellness.app/Info.plist
2023-06-14 14:53:28 +0000  copying file ./Payload/MindWellness.app/PkgInfo ... 
2023-06-14 14:53:28 +0000  8 bytes for ./Payload/MindWellness.app/PkgInfo
copying file ./Payload/MindWellness.app/CollectionTableViewCell.nib ... 
2023-06-14 14:53:28 +0000  3225 bytes for ./Payload/MindWellness.app/CollectionTableViewCell.nib
2023-06-14 14:53:28 +0000  copying file ./Payload/MindWellness.app/bg.png ... 
2023-06-14 14:53:28 +0000  31158 bytes for ./Payload/MindWellness.app/bg.png
copying file ./Payload/MindWellness.app/YogaVideoTableViewCell.nib ... 
2023-06-14 14:53:28 +0000  3581 bytes for ./Payload/MindWellness.app/YogaVideoTableViewCell.nib
2023-06-14 14:53:28 +0000  copying file ./Payload/MindWellness.app/MHPTableViewCell.nib ... 
2023-06-14 14:53:28 +0000  5244 bytes for ./Payload/MindWellness.app/MHPTableViewCell.nib
2023-06-14 14:53:28 +0000  /usr/bin/ditto exited with 0
2023-06-14 14:53:28 +0000  Processing step: IDEDistributionAppStoreInformationStep
2023-06-14 14:53:28 +0000  Skipping step: IDEDistributionAppStoreInformationStep because it said so
2023-06-14 14:53:28 +0000  Processing step: IDEDistributionGenerateProcessedDistributionItems
2023-06-14 14:53:28 +0000  IDEDistributionItem init <DVTFilePath:0x600009f89e80:'/var/folders/5l/j6c9scwd0kzcxb0p_6phdy1h0000gp/T/XcodeDistPipeline.~~~9Ps4oh/Root/Payload/MindWellness.app/Frameworks/ABGaugeViewKit.framework'>
2023-06-14 14:53:28 +0000  IDEDistributionItem init <DVTFilePath:0x600009f8b780:'/var/folders/5l/j6c9scwd0kzcxb0p_6phdy1h0000gp/T/XcodeDistPipeline.~~~9Ps4oh/Root/Payload/MindWellness.app/Frameworks/CircularCarousel.framework'>
2023-06-14 14:53:28 +0000  IDEDistributionItem init <DVTFilePath:0x6000099baae0:'/var/folders/5l/j6c9scwd0kzcxb0p_6phdy1h0000gp/T/XcodeDistPipeline.~~~9Ps4oh/Root/Payload/MindWellness.app'>
2023-06-14 14:53:28 +0000  Processing step: IDEDistributionCreateManifestStep
